2017-10-25 09:37:35,684 INFO [org.springframework.test.context.support.DefaultTestContextBootstrapper] - Loaded default TestExecutionListener class names from location [META-INF/spring.factories]: [org.springframework.test.context.web.ServletTestExecutionListener, org.springframework.test.context.support.DirtiesContextBeforeModesTestExecutionListener, org.springframework.test.context.support.DependencyInjectionTestExecutionListener, org.springframework.test.context.support.DirtiesContextTestExecutionListener, org.springframework.test.context.transaction.TransactionalTestExecutionListener, org.springframework.test.context.jdbc.SqlScriptsTestExecutionListener]
2017-10-25 09:37:35,693 INFO [org.springframework.test.context.support.DefaultTestContextBootstrapper] - Could not instantiate TestExecutionListener [org.springframework.test.context.web.ServletTestExecutionListener]. Specify custom listener classes or make the default listener classes (and their required dependencies) available. Offending class: [javax/servlet/ServletContext]
2017-10-25 09:37:35,700 INFO [org.springframework.test.context.support.DefaultTestContextBootstrapper] - Using TestExecutionListeners: [org.springframework.test.context.support.DirtiesContextBeforeModesTestExecutionListener@3532ec19, org.springframework.test.context.support.DependencyInjectionTestExecutionListener@68c4039c, org.springframework.test.context.support.DirtiesContextTestExecutionListener@ae45eb6, org.springframework.test.context.transaction.TransactionalTestExecutionListener@59f99ea, org.springframework.test.context.jdbc.SqlScriptsTestExecutionListener@27efef64]
2017-10-25 09:37:35,781 INFO [org.springframework.beans.factory.xml.XmlBeanDefinitionReader] - Loading XML bean definitions from file [D:\eclipse-workspace\mldnshiro\mldnshiro-ssm-service\target\classes\spring\spring-base.xml]
2017-10-25 09:37:36,137 INFO [org.springframework.beans.factory.xml.XmlBeanDefinitionReader] - Loading XML bean definitions from file [D:\eclipse-workspace\mldnshiro\mldnshiro-ssm-service\target\classes\spring\spring-datasource.xml]
2017-10-25 09:37:36,175 INFO [org.springframework.beans.factory.xml.XmlBeanDefinitionReader] - Loading XML bean definitions from file [D:\eclipse-workspace\mldnshiro\mldnshiro-ssm-service\target\classes\spring\spring-mybatis.xml]
2017-10-25 09:37:36,191 INFO [org.springframework.beans.factory.xml.XmlBeanDefinitionReader] - Loading XML bean definitions from file [D:\eclipse-workspace\mldnshiro\mldnshiro-ssm-service\target\classes\spring\spring-transaction.xml]
2017-10-25 09:37:36,251 INFO [org.springframework.context.support.GenericApplicationContext] - Refreshing org.springframework.context.support.GenericApplicationContext@3c0f93f1: startup date [Wed Oct 25 09:37:36 CST 2017]; root of context hierarchy
2017-10-25 09:37:37,206 INFO [com.alibaba.druid.pool.DruidDataSource] - {dataSource-1} inited
2017-10-25 09:37:37,855 DEBUG [cn.mldn.mldnshiro.ssm.dao.IMemberDAO.findById] - ==>  Preparing: SELECT mid,name,password,locked FROM member WHERE mid=? 
2017-10-25 09:37:37,882 DEBUG [cn.mldn.mldnshiro.ssm.dao.IMemberDAO.findById] - ==> Parameters: mldn(String)
2017-10-25 09:37:37,898 TRACE [cn.mldn.mldnshiro.ssm.dao.IMemberDAO.findById] - <==    Columns: mid, name, password, locked
2017-10-25 09:37:37,898 TRACE [cn.mldn.mldnshiro.ssm.dao.IMemberDAO.findById] - <==        Row: mldn, 普通人, java, 0
2017-10-25 09:37:37,903 DEBUG [cn.mldn.mldnshiro.ssm.dao.IMemberDAO.findById] - <==      Total: 1
2017-10-25 09:37:37,908 INFO [org.springframework.context.support.GenericApplicationContext] - Closing org.springframework.context.support.GenericApplicationContext@3c0f93f1: startup date [Wed Oct 25 09:37:36 CST 2017]; root of context hierarchy
2017-10-25 09:37:37,911 INFO [com.alibaba.druid.pool.DruidDataSource] - {dataSource-1} closed
2017-10-25 09:37:44,531 INFO [org.springframework.test.context.support.DefaultTestContextBootstrapper] - Loaded default TestExecutionListener class names from location [META-INF/spring.factories]: [org.springframework.test.context.web.ServletTestExecutionListener, org.springframework.test.context.support.DirtiesContextBeforeModesTestExecutionListener, org.springframework.test.context.support.DependencyInjectionTestExecutionListener, org.springframework.test.context.support.DirtiesContextTestExecutionListener, org.springframework.test.context.transaction.TransactionalTestExecutionListener, org.springframework.test.context.jdbc.SqlScriptsTestExecutionListener]
2017-10-25 09:37:44,539 INFO [org.springframework.test.context.support.DefaultTestContextBootstrapper] - Could not instantiate TestExecutionListener [org.springframework.test.context.web.ServletTestExecutionListener]. Specify custom listener classes or make the default listener classes (and their required dependencies) available. Offending class: [javax/servlet/ServletContext]
2017-10-25 09:37:44,546 INFO [org.springframework.test.context.support.DefaultTestContextBootstrapper] - Using TestExecutionListeners: [org.springframework.test.context.support.DirtiesContextBeforeModesTestExecutionListener@3532ec19, org.springframework.test.context.support.DependencyInjectionTestExecutionListener@68c4039c, org.springframework.test.context.support.DirtiesContextTestExecutionListener@ae45eb6, org.springframework.test.context.transaction.TransactionalTestExecutionListener@59f99ea, org.springframework.test.context.jdbc.SqlScriptsTestExecutionListener@27efef64]
2017-10-25 09:37:44,627 INFO [org.springframework.beans.factory.xml.XmlBeanDefinitionReader] - Loading XML bean definitions from file [D:\eclipse-workspace\mldnshiro\mldnshiro-ssm-service\target\classes\spring\spring-base.xml]
2017-10-25 09:37:44,839 INFO [org.springframework.beans.factory.xml.XmlBeanDefinitionReader] - Loading XML bean definitions from file [D:\eclipse-workspace\mldnshiro\mldnshiro-ssm-service\target\classes\spring\spring-datasource.xml]
2017-10-25 09:37:44,874 INFO [org.springframework.beans.factory.xml.XmlBeanDefinitionReader] - Loading XML bean definitions from file [D:\eclipse-workspace\mldnshiro\mldnshiro-ssm-service\target\classes\spring\spring-mybatis.xml]
2017-10-25 09:37:44,899 INFO [org.springframework.beans.factory.xml.XmlBeanDefinitionReader] - Loading XML bean definitions from file [D:\eclipse-workspace\mldnshiro\mldnshiro-ssm-service\target\classes\spring\spring-transaction.xml]
2017-10-25 09:37:44,957 INFO [org.springframework.context.support.GenericApplicationContext] - Refreshing org.springframework.context.support.GenericApplicationContext@3c0f93f1: startup date [Wed Oct 25 09:37:44 CST 2017]; root of context hierarchy
2017-10-25 09:37:45,879 INFO [com.alibaba.druid.pool.DruidDataSource] - {dataSource-1} inited
2017-10-25 09:37:46,466 DEBUG [cn.mldn.mldnshiro.ssm.dao.IRoleDAO.findAllByMember] - ==>  Preparing: SELECT rid FROM member_role WHERE mid=? 
2017-10-25 09:37:46,494 DEBUG [cn.mldn.mldnshiro.ssm.dao.IRoleDAO.findAllByMember] - ==> Parameters: mldn(String)
2017-10-25 09:37:46,510 TRACE [cn.mldn.mldnshiro.ssm.dao.IRoleDAO.findAllByMember] - <==    Columns: rid
2017-10-25 09:37:46,510 TRACE [cn.mldn.mldnshiro.ssm.dao.IRoleDAO.findAllByMember] - <==        Row: news
2017-10-25 09:37:46,516 DEBUG [cn.mldn.mldnshiro.ssm.dao.IRoleDAO.findAllByMember] - <==      Total: 1
2017-10-25 09:37:46,518 DEBUG [cn.mldn.mldnshiro.ssm.dao.IActionDAO.findAllByMember] - ==>  Preparing: SELECT actid FROM action WHERE rid IN ( SELECT rid FROM member_role WHERE mid=?) 
2017-10-25 09:37:46,518 DEBUG [cn.mldn.mldnshiro.ssm.dao.IActionDAO.findAllByMember] - ==> Parameters: mldn(String)
2017-10-25 09:37:46,520 TRACE [cn.mldn.mldnshiro.ssm.dao.IActionDAO.findAllByMember] - <==    Columns: actid
2017-10-25 09:37:46,520 TRACE [cn.mldn.mldnshiro.ssm.dao.IActionDAO.findAllByMember] - <==        Row: news:add
2017-10-25 09:37:46,520 TRACE [cn.mldn.mldnshiro.ssm.dao.IActionDAO.findAllByMember] - <==        Row: news:audit
2017-10-25 09:37:46,520 TRACE [cn.mldn.mldnshiro.ssm.dao.IActionDAO.findAllByMember] - <==        Row: news:edit
2017-10-25 09:37:46,520 TRACE [cn.mldn.mldnshiro.ssm.dao.IActionDAO.findAllByMember] - <==        Row: news:list
2017-10-25 09:37:46,520 DEBUG [cn.mldn.mldnshiro.ssm.dao.IActionDAO.findAllByMember] - <==      Total: 4
2017-10-25 09:37:46,525 INFO [org.springframework.context.support.GenericApplicationContext] - Closing org.springframework.context.support.GenericApplicationContext@3c0f93f1: startup date [Wed Oct 25 09:37:44 CST 2017]; root of context hierarchy
2017-10-25 09:37:46,528 INFO [com.alibaba.druid.pool.DruidDataSource] - {dataSource-1} closed
